<?xml version="1.0" encoding="UTF-8"?>
<testsuite xmlns:xsi="http://www.w3.org/2001/XMLSchema-instance" xsi:noNamespaceSchemaLocation="https://maven.apache.org/surefire/maven-surefire-plugin/xsd/surefire-test-report.xsd" name="se.kth.depclean.core.maven.plugin.FileUtilsTest" time="0.062" tests="1" errors="0" skipped="0" failures="0">
  <properties>
    <property name="sun.desktop" value="gnome"/>
    <property name="awt.toolkit" value="sun.awt.X11.XToolkit"/>
    <property name="file.encoding.pkg" value="sun.io"/>
    <property name="java.specification.version" value="1.8"/>
    <property name="sun.cpu.isalist" value=""/>
    <property name="sun.jnu.encoding" value="UTF-8"/>
    <property name="java.class.path" value="/home/cesarsv/Documents/papers/2019_papers/royal-debloat/depclean/depclean-maven-plugin/target/test-classes:/home/cesarsv/Documents/papers/2019_papers/royal-debloat/depclean/depclean-maven-plugin/target/classes:/home/cesarsv/.m2/repository/org/apache/maven/maven-core/3.6.0/maven-core-3.6.0.jar:/home/cesarsv/.m2/repository/org/apache/maven/maven-model/3.6.0/maven-model-3.6.0.jar:/home/cesarsv/.m2/repository/org/apache/maven/maven-settings/3.6.0/maven-settings-3.6.0.jar:/home/cesarsv/.m2/repository/org/apache/maven/maven-settings-builder/3.6.0/maven-settings-builder-3.6.0.jar:/home/cesarsv/.m2/repository/org/sonatype/plexus/plexus-sec-dispatcher/1.4/plexus-sec-dispatcher-1.4.jar:/home/cesarsv/.m2/repository/org/sonatype/plexus/plexus-cipher/1.4/plexus-cipher-1.4.jar:/home/cesarsv/.m2/repository/org/apache/maven/maven-builder-support/3.6.0/maven-builder-support-3.6.0.jar:/home/cesarsv/.m2/repository/org/apache/maven/maven-repository-metadata/3.6.0/maven-repository-metadata-3.6.0.jar:/home/cesarsv/.m2/repository/org/apache/maven/maven-artifact/3.6.0/maven-artifact-3.6.0.jar:/home/cesarsv/.m2/repository/org/apache/maven/maven-model-builder/3.6.0/maven-model-builder-3.6.0.jar:/home/cesarsv/.m2/repository/org/apache/maven/maven-resolver-provider/3.6.0/maven-resolver-provider-3.6.0.jar:/home/cesarsv/.m2/repository/org/slf4j/slf4j-api/1.7.25/slf4j-api-1.7.25.jar:/home/cesarsv/.m2/repository/org/apache/maven/resolver/maven-resolver-impl/1.3.1/maven-resolver-impl-1.3.1.jar:/home/cesarsv/.m2/repository/org/apache/maven/resolver/maven-resolver-api/1.3.1/maven-resolver-api-1.3.1.jar:/home/cesarsv/.m2/repository/org/apache/maven/resolver/maven-resolver-spi/1.3.1/maven-resolver-spi-1.3.1.jar:/home/cesarsv/.m2/repository/org/apache/maven/resolver/maven-resolver-util/1.3.1/maven-resolver-util-1.3.1.jar:/home/cesarsv/.m2/repository/org/apache/maven/shared/maven-shared-utils/3.2.1/maven-shared-utils-3.2.1.jar:/home/cesarsv/.m2/repository/org/eclipse/sisu/org.eclipse.sisu.plexus/0.3.3/org.eclipse.sisu.plexus-0.3.3.jar:/home/cesarsv/.m2/repository/javax/enterprise/cdi-api/1.0/cdi-api-1.0.jar:/home/cesarsv/.m2/repository/javax/annotation/jsr250-api/1.0/jsr250-api-1.0.jar:/home/cesarsv/.m2/repository/org/eclipse/sisu/org.eclipse.sisu.inject/0.3.3/org.eclipse.sisu.inject-0.3.3.jar:/home/cesarsv/.m2/repository/com/google/inject/guice/4.2.1/guice-4.2.1-no_aop.jar:/home/cesarsv/.m2/repository/aopalliance/aopalliance/1.0/aopalliance-1.0.jar:/home/cesarsv/.m2/repository/com/google/guava/guava/25.1-android/guava-25.1-android.jar:/home/cesarsv/.m2/repository/com/google/code/findbugs/jsr305/3.0.2/jsr305-3.0.2.jar:/home/cesarsv/.m2/repository/org/checkerframework/checker-compat-qual/2.0.0/checker-compat-qual-2.0.0.jar:/home/cesarsv/.m2/repository/com/google/errorprone/error_prone_annotations/2.1.3/error_prone_annotations-2.1.3.jar:/home/cesarsv/.m2/repository/com/google/j2objc/j2objc-annotations/1.1/j2objc-annotations-1.1.jar:/home/cesarsv/.m2/repository/org/codehaus/mojo/animal-sniffer-annotations/1.14/animal-sniffer-annotations-1.14.jar:/home/cesarsv/.m2/repository/javax/inject/javax.inject/1/javax.inject-1.jar:/home/cesarsv/.m2/repository/org/codehaus/plexus/plexus-utils/3.1.0/plexus-utils-3.1.0.jar:/home/cesarsv/.m2/repository/org/codehaus/plexus/plexus-classworlds/2.5.2/plexus-classworlds-2.5.2.jar:/home/cesarsv/.m2/repository/org/codehaus/plexus/plexus-component-annotations/1.7.1/plexus-component-annotations-1.7.1.jar:/home/cesarsv/.m2/repository/org/apache/commons/commons-lang3/3.8.1/commons-lang3-3.8.1.jar:/home/cesarsv/.m2/repository/org/apache/maven/maven-plugin-api/3.6.0/maven-plugin-api-3.6.0.jar:/home/cesarsv/.m2/repository/org/apache/maven/maven-project/3.0-alpha-2/maven-project-3.0-alpha-2.jar:/home/cesarsv/.m2/repository/org/codehaus/plexus/plexus-interpolation/1.1/plexus-interpolation-1.1.jar:/home/cesarsv/.m2/repository/org/apache/maven/maven-compat/3.0-alpha-2/maven-compat-3.0-alpha-2.jar:/home/cesarsv/.m2/repository/org/apache/maven/wagon/wagon-provider-api/1.0-beta-4/wagon-provider-api-1.0-beta-4.jar:/home/cesarsv/.m2/repository/org/codehaus/plexus/plexus-container-default/1.0-beta-3.0.5/plexus-container-default-1.0-beta-3.0.5.jar:/home/cesarsv/.m2/repository/org/apache/xbean/xbean-reflect/3.4/xbean-reflect-3.4.jar:/home/cesarsv/.m2/repository/log4j/log4j/1.2.12/log4j-1.2.12.jar:/home/cesarsv/.m2/repository/commons-logging/commons-logging-api/1.1/commons-logging-api-1.1.jar:/home/cesarsv/.m2/repository/com/google/code/google-collections/google-collect/snapshot-20080530/google-collect-snapshot-20080530.jar:/home/cesarsv/.m2/repository/org/codehaus/woodstox/wstx-asl/3.2.6/wstx-asl-3.2.6.jar:/home/cesarsv/.m2/repository/stax/stax-api/1.0.1/stax-api-1.0.1.jar:/home/cesarsv/.m2/repository/org/sonatype/spice/model-builder/1.3/model-builder-1.3.jar:/home/cesarsv/.m2/repository/org/apache/maven/maven-project-builder/3.0-alpha-2/maven-project-builder-3.0-alpha-2.jar:/home/cesarsv/.m2/repository/org/apache/maven/plugin-tools/maven-plugin-annotations/3.6.0/maven-plugin-annotations-3.6.0.jar:/home/cesarsv/.m2/repository/org/apache/maven/shared/maven-dependency-tree/3.0.1/maven-dependency-tree-3.0.1.jar:/home/cesarsv/.m2/repository/org/eclipse/aether/aether-util/0.9.0.M2/aether-util-0.9.0.M2.jar:/home/cesarsv/.m2/repository/se/kth/depclean/depclean-core/1.0.0/depclean-core-1.0.0.jar:/home/cesarsv/.m2/repository/org/ow2/asm/asm/7.1/asm-7.1.jar:/home/cesarsv/.m2/repository/org/jgrapht/jgrapht-core/1.3.0/jgrapht-core-1.3.0.jar:/home/cesarsv/.m2/repository/org/jheaps/jheaps/0.9/jheaps-0.9.jar:/home/cesarsv/.m2/repository/org/jetbrains/annotations/17.0.0/annotations-17.0.0.jar:/home/cesarsv/.m2/repository/org/fuin/utils4j/0.9.2/utils4j-0.9.2.jar:/home/cesarsv/.m2/repository/commons-io/commons-io/2.5/commons-io-2.5.jar:/home/cesarsv/.m2/repository/org/apache/logging/log4j/log4j-api/2.12.0/log4j-api-2.12.0.jar:/home/cesarsv/.m2/repository/org/apache/logging/log4j/log4j-core/2.12.0/log4j-core-2.12.0.jar:/home/cesarsv/.m2/repository/org/apache/maven/plugin-testing/maven-plugin-testing-tools/3.3.0/maven-plugin-testing-tools-3.3.0.jar:/home/cesarsv/.m2/repository/org/apache/maven/shared/maven-invoker/2.0.11/maven-invoker-2.0.11.jar:/home/cesarsv/.m2/repository/junit/junit/4.12/junit-4.12.jar:/home/cesarsv/.m2/repository/org/hamcrest/hamcrest-core/1.3/hamcrest-core-1.3.jar:"/>
    <property name="java.vm.vendor" value="Private Build"/>
    <property name="sun.arch.data.model" value="64"/>
    <property name="java.vendor.url" value="http://java.oracle.com/"/>
    <property name="user.timezone" value=""/>
    <property name="java.vm.specification.version" value="1.8"/>
    <property name="os.name" value="Linux"/>
    <property name="user.country" value="US"/>
    <property name="sun.java.launcher" value="SUN_STANDARD"/>
    <property name="sun.boot.library.path" value="/usr/lib/jvm/java-8-openjdk-amd64/jre/lib/amd64"/>
    <property name="sun.java.command" value="/home/cesarsv/Documents/papers/2019_papers/royal-debloat/depclean/depclean-maven-plugin/target/surefire/surefirebooter8723794995485328445.jar /home/cesarsv/Documents/papers/2019_papers/royal-debloat/depclean/depclean-maven-plugin/target/surefire 2019-12-25T20-18-36_176-jvmRun1 surefire569732062050739305tmp surefire_07936694092497472207tmp"/>
    <property name="surefire.test.class.path" value="/home/cesarsv/Documents/papers/2019_papers/royal-debloat/depclean/depclean-maven-plugin/target/test-classes:/home/cesarsv/Documents/papers/2019_papers/royal-debloat/depclean/depclean-maven-plugin/target/classes:/home/cesarsv/.m2/repository/org/apache/maven/maven-core/3.6.0/maven-core-3.6.0.jar:/home/cesarsv/.m2/repository/org/apache/maven/maven-model/3.6.0/maven-model-3.6.0.jar:/home/cesarsv/.m2/repository/org/apache/maven/maven-settings/3.6.0/maven-settings-3.6.0.jar:/home/cesarsv/.m2/repository/org/apache/maven/maven-settings-builder/3.6.0/maven-settings-builder-3.6.0.jar:/home/cesarsv/.m2/repository/org/sonatype/plexus/plexus-sec-dispatcher/1.4/plexus-sec-dispatcher-1.4.jar:/home/cesarsv/.m2/repository/org/sonatype/plexus/plexus-cipher/1.4/plexus-cipher-1.4.jar:/home/cesarsv/.m2/repository/org/apache/maven/maven-builder-support/3.6.0/maven-builder-support-3.6.0.jar:/home/cesarsv/.m2/repository/org/apache/maven/maven-repository-metadata/3.6.0/maven-repository-metadata-3.6.0.jar:/home/cesarsv/.m2/repository/org/apache/maven/maven-artifact/3.6.0/maven-artifact-3.6.0.jar:/home/cesarsv/.m2/repository/org/apache/maven/maven-model-builder/3.6.0/maven-model-builder-3.6.0.jar:/home/cesarsv/.m2/repository/org/apache/maven/maven-resolver-provider/3.6.0/maven-resolver-provider-3.6.0.jar:/home/cesarsv/.m2/repository/org/slf4j/slf4j-api/1.7.25/slf4j-api-1.7.25.jar:/home/cesarsv/.m2/repository/org/apache/maven/resolver/maven-resolver-impl/1.3.1/maven-resolver-impl-1.3.1.jar:/home/cesarsv/.m2/repository/org/apache/maven/resolver/maven-resolver-api/1.3.1/maven-resolver-api-1.3.1.jar:/home/cesarsv/.m2/repository/org/apache/maven/resolver/maven-resolver-spi/1.3.1/maven-resolver-spi-1.3.1.jar:/home/cesarsv/.m2/repository/org/apache/maven/resolver/maven-resolver-util/1.3.1/maven-resolver-util-1.3.1.jar:/home/cesarsv/.m2/repository/org/apache/maven/shared/maven-shared-utils/3.2.1/maven-shared-utils-3.2.1.jar:/home/cesarsv/.m2/repository/org/eclipse/sisu/org.eclipse.sisu.plexus/0.3.3/org.eclipse.sisu.plexus-0.3.3.jar:/home/cesarsv/.m2/repository/javax/enterprise/cdi-api/1.0/cdi-api-1.0.jar:/home/cesarsv/.m2/repository/javax/annotation/jsr250-api/1.0/jsr250-api-1.0.jar:/home/cesarsv/.m2/repository/org/eclipse/sisu/org.eclipse.sisu.inject/0.3.3/org.eclipse.sisu.inject-0.3.3.jar:/home/cesarsv/.m2/repository/com/google/inject/guice/4.2.1/guice-4.2.1-no_aop.jar:/home/cesarsv/.m2/repository/aopalliance/aopalliance/1.0/aopalliance-1.0.jar:/home/cesarsv/.m2/repository/com/google/guava/guava/25.1-android/guava-25.1-android.jar:/home/cesarsv/.m2/repository/com/google/code/findbugs/jsr305/3.0.2/jsr305-3.0.2.jar:/home/cesarsv/.m2/repository/org/checkerframework/checker-compat-qual/2.0.0/checker-compat-qual-2.0.0.jar:/home/cesarsv/.m2/repository/com/google/errorprone/error_prone_annotations/2.1.3/error_prone_annotations-2.1.3.jar:/home/cesarsv/.m2/repository/com/google/j2objc/j2objc-annotations/1.1/j2objc-annotations-1.1.jar:/home/cesarsv/.m2/repository/org/codehaus/mojo/animal-sniffer-annotations/1.14/animal-sniffer-annotations-1.14.jar:/home/cesarsv/.m2/repository/javax/inject/javax.inject/1/javax.inject-1.jar:/home/cesarsv/.m2/repository/org/codehaus/plexus/plexus-utils/3.1.0/plexus-utils-3.1.0.jar:/home/cesarsv/.m2/repository/org/codehaus/plexus/plexus-classworlds/2.5.2/plexus-classworlds-2.5.2.jar:/home/cesarsv/.m2/repository/org/codehaus/plexus/plexus-component-annotations/1.7.1/plexus-component-annotations-1.7.1.jar:/home/cesarsv/.m2/repository/org/apache/commons/commons-lang3/3.8.1/commons-lang3-3.8.1.jar:/home/cesarsv/.m2/repository/org/apache/maven/maven-plugin-api/3.6.0/maven-plugin-api-3.6.0.jar:/home/cesarsv/.m2/repository/org/apache/maven/maven-project/3.0-alpha-2/maven-project-3.0-alpha-2.jar:/home/cesarsv/.m2/repository/org/codehaus/plexus/plexus-interpolation/1.1/plexus-interpolation-1.1.jar:/home/cesarsv/.m2/repository/org/apache/maven/maven-compat/3.0-alpha-2/maven-compat-3.0-alpha-2.jar:/home/cesarsv/.m2/repository/org/apache/maven/wagon/wagon-provider-api/1.0-beta-4/wagon-provider-api-1.0-beta-4.jar:/home/cesarsv/.m2/repository/org/codehaus/plexus/plexus-container-default/1.0-beta-3.0.5/plexus-container-default-1.0-beta-3.0.5.jar:/home/cesarsv/.m2/repository/org/apache/xbean/xbean-reflect/3.4/xbean-reflect-3.4.jar:/home/cesarsv/.m2/repository/log4j/log4j/1.2.12/log4j-1.2.12.jar:/home/cesarsv/.m2/repository/commons-logging/commons-logging-api/1.1/commons-logging-api-1.1.jar:/home/cesarsv/.m2/repository/com/google/code/google-collections/google-collect/snapshot-20080530/google-collect-snapshot-20080530.jar:/home/cesarsv/.m2/repository/org/codehaus/woodstox/wstx-asl/3.2.6/wstx-asl-3.2.6.jar:/home/cesarsv/.m2/repository/stax/stax-api/1.0.1/stax-api-1.0.1.jar:/home/cesarsv/.m2/repository/org/sonatype/spice/model-builder/1.3/model-builder-1.3.jar:/home/cesarsv/.m2/repository/org/apache/maven/maven-project-builder/3.0-alpha-2/maven-project-builder-3.0-alpha-2.jar:/home/cesarsv/.m2/repository/org/apache/maven/plugin-tools/maven-plugin-annotations/3.6.0/maven-plugin-annotations-3.6.0.jar:/home/cesarsv/.m2/repository/org/apache/maven/shared/maven-dependency-tree/3.0.1/maven-dependency-tree-3.0.1.jar:/home/cesarsv/.m2/repository/org/eclipse/aether/aether-util/0.9.0.M2/aether-util-0.9.0.M2.jar:/home/cesarsv/.m2/repository/se/kth/depclean/depclean-core/1.0.0/depclean-core-1.0.0.jar:/home/cesarsv/.m2/repository/org/ow2/asm/asm/7.1/asm-7.1.jar:/home/cesarsv/.m2/repository/org/jgrapht/jgrapht-core/1.3.0/jgrapht-core-1.3.0.jar:/home/cesarsv/.m2/repository/org/jheaps/jheaps/0.9/jheaps-0.9.jar:/home/cesarsv/.m2/repository/org/jetbrains/annotations/17.0.0/annotations-17.0.0.jar:/home/cesarsv/.m2/repository/org/fuin/utils4j/0.9.2/utils4j-0.9.2.jar:/home/cesarsv/.m2/repository/commons-io/commons-io/2.5/commons-io-2.5.jar:/home/cesarsv/.m2/repository/org/apache/logging/log4j/log4j-api/2.12.0/log4j-api-2.12.0.jar:/home/cesarsv/.m2/repository/org/apache/logging/log4j/log4j-core/2.12.0/log4j-core-2.12.0.jar:/home/cesarsv/.m2/repository/org/apache/maven/plugin-testing/maven-plugin-testing-tools/3.3.0/maven-plugin-testing-tools-3.3.0.jar:/home/cesarsv/.m2/repository/org/apache/maven/shared/maven-invoker/2.0.11/maven-invoker-2.0.11.jar:/home/cesarsv/.m2/repository/junit/junit/4.12/junit-4.12.jar:/home/cesarsv/.m2/repository/org/hamcrest/hamcrest-core/1.3/hamcrest-core-1.3.jar:"/>
    <property name="sun.cpu.endian" value="little"/>
    <property name="user.home" value="/home/cesarsv"/>
    <property name="user.language" value="en"/>
    <property name="java.specification.vendor" value="Oracle Corporation"/>
    <property name="java.home" value="/usr/lib/jvm/java-8-openjdk-amd64/jre"/>
    <property name="basedir" value="/home/cesarsv/Documents/papers/2019_papers/royal-debloat/depclean/depclean-maven-plugin"/>
    <property name="file.separator" value="/"/>
    <property name="line.separator" value="&#10;"/>
    <property name="java.vm.specification.vendor" value="Oracle Corporation"/>
    <property name="java.specification.name" value="Java Platform API Specification"/>
    <property name="java.awt.graphicsenv" value="sun.awt.X11GraphicsEnvironment"/>
    <property name="surefire.real.class.path" value="/home/cesarsv/Documents/papers/2019_papers/royal-debloat/depclean/depclean-maven-plugin/target/surefire/surefirebooter8723794995485328445.jar:/home/cesarsv/.m2/repository/org/jacoco/org.jacoco.agent/0.8.2/org.jacoco.agent-0.8.2-runtime.jar"/>
    <property name="sun.boot.class.path" value="/usr/lib/jvm/java-8-openjdk-amd64/jre/lib/resources.jar:/usr/lib/jvm/java-8-openjdk-amd64/jre/lib/rt.jar:/usr/lib/jvm/java-8-openjdk-amd64/jre/lib/sunrsasign.jar:/usr/lib/jvm/java-8-openjdk-amd64/jre/lib/jsse.jar:/usr/lib/jvm/java-8-openjdk-amd64/jre/lib/jce.jar:/usr/lib/jvm/java-8-openjdk-amd64/jre/lib/charsets.jar:/usr/lib/jvm/java-8-openjdk-amd64/jre/lib/jfr.jar:/usr/lib/jvm/java-8-openjdk-amd64/jre/classes"/>
    <property name="sun.management.compiler" value="HotSpot 64-Bit Tiered Compilers"/>
    <property name="java.runtime.version" value="1.8.0_232-8u232-b09-0ubuntu1~18.04.1-b09"/>
    <property name="user.name" value="cesarsv"/>
    <property name="path.separator" value=":"/>
    <property name="os.version" value="4.15.0-72-generic"/>
    <property name="java.endorsed.dirs" value="/usr/lib/jvm/java-8-openjdk-amd64/jre/lib/endorsed"/>
    <property name="java.runtime.name" value="OpenJDK Runtime Environment"/>
    <property name="file.encoding" value="UTF-8"/>
    <property name="java.vm.name" value="OpenJDK 64-Bit Server VM"/>
    <property name="localRepository" value="/home/cesarsv/.m2/repository"/>
    <property name="java.vendor.url.bug" value="http://bugreport.sun.com/bugreport/"/>
    <property name="java.io.tmpdir" value="/tmp"/>
    <property name="java.version" value="1.8.0_232"/>
    <property name="user.dir" value="/home/cesarsv/Documents/papers/2019_papers/royal-debloat/depclean/depclean-maven-plugin"/>
    <property name="os.arch" value="amd64"/>
    <property name="java.vm.specification.name" value="Java Virtual Machine Specification"/>
    <property name="java.awt.printerjob" value="sun.print.PSPrinterJob"/>
    <property name="sun.os.patch.level" value="unknown"/>
    <property name="java.library.path" value="/usr/java/packages/lib/amd64:/usr/lib/x86_64-linux-gnu/jni:/lib/x86_64-linux-gnu:/usr/lib/x86_64-linux-gnu:/usr/lib/jni:/lib:/usr/lib"/>
    <property name="java.vm.info" value="mixed mode"/>
    <property name="java.vendor" value="Private Build"/>
    <property name="java.vm.version" value="25.232-b09"/>
    <property name="java.ext.dirs" value="/usr/lib/jvm/java-8-openjdk-amd64/jre/lib/ext:/usr/java/packages/lib/ext"/>
    <property name="sun.io.unicode.encoding" value="UnicodeLittle"/>
    <property name="java.class.version" value="52.0"/>
  </properties>
  <testcase name="deleteDirectory" classname="se.kth.depclean.core.maven.plugin.FileUtilsTest" time="0.002"/>
</testsuite>